1771600196556	geckodriver	INFO	Listening on 127.0.0.1:60743
1771600199683	mozrunner::runner	INFO	Running command: "C:\\Users\\bhash\\.cache\\selenium\\firefox\\win64\\147.0.4\\firefox.exe" "--marionette" "--remote-debuggin ... 4" "--remote-allow-hosts" "localhost" "-no-remote" "-profile" "C:\\Users\\bhash\\AppData\\Local\\Temp\\rust_mozprofiletcsrO3"
console.warn: services.settings: Ignoring preference override of remote settings server
console.warn: services.settings: Allow by setting MOZ_REMOTE_SETTINGS_DEVTOOLS=1 in the environment
Dynamically enable window occlusion 0
1771600200117	Marionette	INFO	Marionette enabled
1771600200231	Marionette	INFO	Listening on port 60753
WebDriver BiDi listening on ws://127.0.0.1:60744
Read port: 60753
1771600200413	RemoteAgent	WARN	TLS certificate errors will be ignored for this session
JavaScript error: https://pagead2.googlesyndication.com/pagead/js/adsbygoogle.js, line 90: TagError: adsbygoogle.push() error: No slot size for availableWidth=0
JavaScript error: https://pagead2.googlesyndication.com/pagead/js/adsbygoogle.js, line 90: TagError: adsbygoogle.push() error: No slot size for availableWidth=0
JavaScript error: https://pagead2.googlesyndication.com/pagead/js/adsbygoogle.js, line 90: TagError: adsbygoogle.push() error: No slot size for availableWidth=0
JavaScript error: https://pagead2.googlesyndication.com/pagead/js/adsbygoogle.js, line 90: TagError: adsbygoogle.push() error: No slot size for availableWidth=0
JavaScript error: https://pagead2.googlesyndication.com/pagead/js/adsbygoogle.js, line 90: TagError: adsbygoogle.push() error: No slot size for availableWidth=0
JavaScript error: https://pagead2.googlesyndication.com/pagead/js/adsbygoogle.js, line 90: TagError: adsbygoogle.push() error: No slot size for availableWidth=0
JavaScript error: https://pagead2.googlesyndication.com/pagead/js/adsbygoogle.js, line 90: TagError: adsbygoogle.push() error: No slot size for availableWidth=0
JavaScript error: https://pagead2.googlesyndication.com/pagead/js/adsbygoogle.js, line 90: TagError: adsbygoogle.push() error: No slot size for availableWidth=0
JavaScript error: https://pagead2.googlesyndication.com/pagead/js/adsbygoogle.js, line 90: TagError: adsbygoogle.push() error: No slot size for availableWidth=0
JavaScript error: https://pagead2.googlesyndication.com/pagead/js/adsbygoogle.js, line 90: TagError: adsbygoogle.push() error: No slot size for availableWidth=0
JavaScript error: https://pagead2.googlesyndication.com/pagead/js/adsbygoogle.js, line 90: TagError: adsbygoogle.push() error: No slot size for availableWidth=0
JavaScript error: https://pagead2.googlesyndication.com/pagead/js/adsbygoogle.js, line 90: TagError: adsbygoogle.push() error: No slot size for availableWidth=0
console.warn: WindowsJumpLists: "Failed to fetch favicon for " "https://practice.automationtesting.in/shop/" [Exception... "Failure"  nsresult: "0x80004005 (NS_ERROR_FAILURE)"  location: "<unknown>"  data: no]
console.warn: WindowsJumpLists: "Failed to fetch favicon for " "https://practice.automationtesting.in/" [Exception... "Failure"  nsresult: "0x80004005 (NS_ERROR_FAILURE)"  location: "<unknown>"  data: no]
console.warn: WindowsJumpLists: "Failed to fetch favicon for " "https://practice.automationtesting.in/shop/" [Exception... "Failure"  nsresult: "0x80004005 (NS_ERROR_FAILURE)"  location: "<unknown>"  data: no]
console.warn: WindowsJumpLists: "Failed to fetch favicon for " "https://practice.automationtesting.in/" [Exception... "Failure"  nsresult: "0x80004005 (NS_ERROR_FAILURE)"  location: "<unknown>"  data: no]
console.warn: WindowsJumpLists: "Failed to fetch favicon for " "https://practice.automationtesting.in/shop/" [Exception... "Failure"  nsresult: "0x80004005 (NS_ERROR_FAILURE)"  location: "<unknown>"  data: no]
console.warn: WindowsJumpLists: "Failed to fetch favicon for " "https://practice.automationtesting.in/" [Exception... "Failure"  nsresult: "0x80004005 (NS_ERROR_FAILURE)"  location: "<unknown>"  data: no]
console.warn: WindowsJumpLists: "Failed to fetch favicon for " "https://practice.automationtesting.in/shop/" [Exception... "Failure"  nsresult: "0x80004005 (NS_ERROR_FAILURE)"  location: "<unknown>"  data: no]
console.warn: WindowsJumpLists: "Failed to fetch favicon for " "https://practice.automationtesting.in/" [Exception... "Failure"  nsresult: "0x80004005 (NS_ERROR_FAILURE)"  location: "<unknown>"  data: no]
console.warn: WindowsJumpLists: "Failed to fetch favicon for " "https://practice.automationtesting.in/shop/" [Exception... "Failure"  nsresult: "0x80004005 (NS_ERROR_FAILURE)"  location: "<unknown>"  data: no]
console.warn: WindowsJumpLists: "Failed to fetch favicon for " "https://practice.automationtesting.in/" [Exception... "Failure"  nsresult: "0x80004005 (NS_ERROR_FAILURE)"  location: "<unknown>"  data: no]
console.warn: WindowsJumpLists: "Failed to fetch favicon for " "https://practice.automationtesting.in/shop/" [Exception... "Failure"  nsresult: "0x80004005 (NS_ERROR_FAILURE)"  location: "<unknown>"  data: no]
console.warn: WindowsJumpLists: "Failed to fetch favicon for " "https://practice.automationtesting.in/" [Exception... "Failure"  nsresult: "0x80004005 (NS_ERROR_FAILURE)"  location: "<unknown>"  data: no]
console.warn: WindowsJumpLists: "Failed to fetch favicon for " "https://practice.automationtesting.in/shop/" [Exception... "Failure"  nsresult: "0x80004005 (NS_ERROR_FAILURE)"  location: "<unknown>"  data: no]
console.warn: WindowsJumpLists: "Failed to fetch favicon for " "https://practice.automationtesting.in/" [Exception... "Failure"  nsresult: "0x80004005 (NS_ERROR_FAILURE)"  location: "<unknown>"  data: no]
JavaScript error: moz-src:///browser/components/search/SearchOneOffs.sys.mjs, line 392: TypeError: aEngine.getIconURL is not a function
console.warn: WindowsJumpLists: "Failed to fetch favicon for " "https://practice.automationtesting.in/shop/" [Exception... "Failure"  nsresult: "0x80004005 (NS_ERROR_FAILURE)"  location: "<unknown>"  data: no]
console.warn: WindowsJumpLists: "Failed to fetch favicon for " "https://practice.automationtesting.in/" [Exception... "Failure"  nsresult: "0x80004005 (NS_ERROR_FAILURE)"  location: "<unknown>"  data: no]
console.warn: WindowsJumpLists: "Failed to fetch favicon for " "https://practice.automationtesting.in/shop/" [Exception... "Failure"  nsresult: "0x80004005 (NS_ERROR_FAILURE)"  location: "<unknown>"  data: no]
console.warn: WindowsJumpLists: "Failed to fetch favicon for " "https://practice.automationtesting.in/" [Exception... "Failure"  nsresult: "0x80004005 (NS_ERROR_FAILURE)"  location: "<unknown>"  data: no]
JavaScript error: , line 0: NotFoundError: Could not move `C:\Users\bhash\AppData\Local\Temp\rust_mozprofiletcsrO3\bookmarkbackups\bookmarks-2026-02-20_10_ctR0Lx5PIcNiYZ_AyvG1IZdhT08tSLI8gO2KCLbinMI=.jsonlz4' to `C:\Users\bhash\AppData\Local\Temp\rust_mozprofiletcsrO3\bookmarkbackups\bookmarks-2026-02-21_10_ctR0Lx5PIcNiYZ_AyvG1IZdhT08tSLI8gO2KCLbinMI=.jsonlz4': source file does not exist (NS_ERROR_FILE_NOT_FOUND)
JavaScript error: , line 0: NotFoundError: Could not move `C:\Users\bhash\AppData\Local\Temp\rust_mozprofiletcsrO3\bookmarkbackups\bookmarks-2026-02-20_10_ctR0Lx5PIcNiYZ_AyvG1IZdhT08tSLI8gO2KCLbinMI=.jsonlz4' to `C:\Users\bhash\AppData\Local\Temp\rust_mozprofiletcsrO3\bookmarkbackups\bookmarks-2026-02-21_10_ctR0Lx5PIcNiYZ_AyvG1IZdhT08tSLI8gO2KCLbinMI=.jsonlz4': source file does not exist (NS_ERROR_FILE_NOT_FOUND)
console.warn: WindowsJumpLists: "Failed to fetch favicon for " "https://practice.automationtesting.in/shop/" [Exception... "Failure"  nsresult: "0x80004005 (NS_ERROR_FAILURE)"  location: "<unknown>"  data: no]
console.warn: WindowsJumpLists: "Failed to fetch favicon for " "https://practice.automationtesting.in/" [Exception... "Failure"  nsresult: "0x80004005 (NS_ERROR_FAILURE)"  location: "<unknown>"  data: no]
JavaScript warning: https://pagead2.googlesyndication.com/pagead/js/rum.js?fcd=true, line 2: Script terminated by timeout at:
r@https://pagead2.googlesyndication.com/pagead/js/rum.js?fcd=true:2:448
y@https://pagead2.googlesyndication.com/pagead/js/rum.js?fcd=true:6:51
If/this.P@https://pagead2.googlesyndication.com/pagead/js/rum.js?fcd=true:78:199

1771646385845	Marionette	INFO	Stopped listening on port 60753
JavaScript error: resource://gre/modules/PrivateBrowsingUtils.sys.mjs, line 19: TypeError: can't access property "isChromeWindow", aWindow is null
Dynamically enable window occlusion 1
console.warn: TopSitesFeed: Failed to fetch data from MARS server: NetworkError when attempting to fetch resource.
