1771668805239	geckodriver	INFO	Listening on 127.0.0.1:56405
1771668808398	mozrunner::runner	INFO	Running command: "C:\\Users\\bhash\\.cache\\selenium\\firefox\\win64\\147.0.4\\firefox.exe" "--marionette" "--remote-debuggin ... 6" "--remote-allow-hosts" "localhost" "-no-remote" "-profile" "C:\\Users\\bhash\\AppData\\Local\\Temp\\rust_mozprofile8hFy74"
console.warn: services.settings: Ignoring preference override of remote settings server
console.warn: services.settings: Allow by setting MOZ_REMOTE_SETTINGS_DEVTOOLS=1 in the environment
Dynamically enable window occlusion 0
1771668809024	Marionette	INFO	Marionette enabled
1771668809181	Marionette	INFO	Listening on port 56416
WebDriver BiDi listening on ws://127.0.0.1:56406
Read port: 56416
1771668809321	RemoteAgent	WARN	TLS certificate errors will be ignored for this session
JavaScript warning: https://automationexercise.com/static/js/jquery.js, line 2: Using //@ to indicate sourceMappingURL pragmas is deprecated. Use //# instead
JavaScript warning: https://api.b2c.com/api/init-67837llrmed7abvew8my.js?adID=631702729&advertiserID=5481501&campaignID=31418751&creativeID=248932149&placementID=438298835&environment=j&siteid=9008513&country=ct=IN&st=&city=7257&dma=0&zp=700135&bw=4&match=0&site=N339201.4066079OMDPROGRAMMATICUA&landingpage=https://www.visitdubai.com/en/dubai-ready-for-a-surprise%3Futm_source%3Dprogrammatic%26utm_medium%3Ddisplay%26utm_campaign%3Dseasonalaonapac%26utm_term%3Dind-en_winterbanners%26utm_content%3Dconsideration_banner728x90_OPXCAnondubai%26dclid%3D%25edclid!%26gad_source%3D7%26gad_campaignid%3D23467763645, line 1: WEBGL_debug_renderer_info is deprecated in Firefox and will be removed. Please use RENDERER.
JavaScript warning: https://pagead2.googlesyndication.com/bg/ldrxsr5DVt0LJFwH7eyIm9-lfqGZQ9aUDb8H3SphxsA.js, line 1536: unreachable code after return statement
JavaScript warning: https://pagead2.googlesyndication.com/bg/ldrxsr5DVt0LJFwH7eyIm9-lfqGZQ9aUDb8H3SphxsA.js, line 1536: unreachable code after return statement
JavaScript warning: https://pagead2.googlesyndication.com/bg/ldrxsr5DVt0LJFwH7eyIm9-lfqGZQ9aUDb8H3SphxsA.js, line 1536: unreachable code after return statement
JavaScript warning: https://pagead2.googlesyndication.com/bg/ldrxsr5DVt0LJFwH7eyIm9-lfqGZQ9aUDb8H3SphxsA.js, line 1536: unreachable code after return statement
JavaScript warning: https://pagead2.googlesyndication.com/bg/ldrxsr5DVt0LJFwH7eyIm9-lfqGZQ9aUDb8H3SphxsA.js, line 1536: unreachable code after return statement
JavaScript warning: https://pagead2.googlesyndication.com/bg/ldrxsr5DVt0LJFwH7eyIm9-lfqGZQ9aUDb8H3SphxsA.js, line 1536: unreachable code after return statement
JavaScript warning: https://pagead2.googlesyndication.com/bg/ldrxsr5DVt0LJFwH7eyIm9-lfqGZQ9aUDb8H3SphxsA.js, line 1536: unreachable code after return statement
JavaScript warning: https://pagead2.googlesyndication.com/bg/ldrxsr5DVt0LJFwH7eyIm9-lfqGZQ9aUDb8H3SphxsA.js line 2 > eval, line 1536: unreachable code after return statement
JavaScript warning: https://pagead2.googlesyndication.com/bg/ldrxsr5DVt0LJFwH7eyIm9-lfqGZQ9aUDb8H3SphxsA.js line 2 > eval, line 1536: unreachable code after return statement
JavaScript warning: https://pagead2.googlesyndication.com/bg/ldrxsr5DVt0LJFwH7eyIm9-lfqGZQ9aUDb8H3SphxsA.js line 2 > eval, line 1536: unreachable code after return statement
JavaScript warning: https://pagead2.googlesyndication.com/bg/ldrxsr5DVt0LJFwH7eyIm9-lfqGZQ9aUDb8H3SphxsA.js line 2 > eval, line 1: unreachable code after return statement
JavaScript warning: https://pagead2.googlesyndication.com/bg/ldrxsr5DVt0LJFwH7eyIm9-lfqGZQ9aUDb8H3SphxsA.js line 2 > eval line 1536 > eval, line 1: unreachable code after return statement
JavaScript warning: https://pagead2.googlesyndication.com/bg/ldrxsr5DVt0LJFwH7eyIm9-lfqGZQ9aUDb8H3SphxsA.js line 2 > eval, line 1536: unreachable code after return statement
JavaScript warning: https://pagead2.googlesyndication.com/bg/ldrxsr5DVt0LJFwH7eyIm9-lfqGZQ9aUDb8H3SphxsA.js line 2 > eval, line 1536: unreachable code after return statement
JavaScript warning: https://pagead2.googlesyndication.com/bg/ldrxsr5DVt0LJFwH7eyIm9-lfqGZQ9aUDb8H3SphxsA.js line 2 > eval, line 1536: unreachable code after return statement
JavaScript warning: https://pagead2.googlesyndication.com/bg/ldrxsr5DVt0LJFwH7eyIm9-lfqGZQ9aUDb8H3SphxsA.js line 2 > eval line 1536 > eval line 1 > eval, line 1: unreachable code after return statement
JavaScript warning: https://pagead2.googlesyndication.com/bg/ldrxsr5DVt0LJFwH7eyIm9-lfqGZQ9aUDb8H3SphxsA.js line 2 > eval line 1536 > eval line 1 > eval, line 1: unreachable code after return statement
JavaScript warning: https://pagead2.googlesyndication.com/bg/ldrxsr5DVt0LJFwH7eyIm9-lfqGZQ9aUDb8H3SphxsA.js line 2 > eval line 1536 > eval line 1 > eval line 1 > eval, line 1: unreachable code after return statement
JavaScript warning: https://pagead2.googlesyndication.com/bg/ldrxsr5DVt0LJFwH7eyIm9-lfqGZQ9aUDb8H3SphxsA.js line 2 > eval line 1536 > eval line 1 > eval line 1 > eval, line 1: unreachable code after return statement
JavaScript warning: https://automationexercise.com/static/js/jquery.js, line 2: Using //@ to indicate sourceMappingURL pragmas is deprecated. Use //# instead
1771668821536	Marionette	INFO	Stopped listening on port 56416
Dynamically enable window occlusion 1
console.warn: TopSitesFeed: Failed to fetch data from MARS server: NetworkError when attempting to fetch resource.
