1771667243475	geckodriver	INFO	Listening on 127.0.0.1:63736
1771667246655	mozrunner::runner	INFO	Running command: "C:\\Users\\bhash\\.cache\\selenium\\firefox\\win64\\147.0.4\\firefox.exe" "--marionette" "--remote-debuggin ... 7" "--remote-allow-hosts" "localhost" "-no-remote" "-profile" "C:\\Users\\bhash\\AppData\\Local\\Temp\\rust_mozprofileyL5iTo"
console.warn: services.settings: Ignoring preference override of remote settings server
console.warn: services.settings: Allow by setting MOZ_REMOTE_SETTINGS_DEVTOOLS=1 in the environment
Dynamically enable window occlusion 0
1771667247275	Marionette	INFO	Marionette enabled
1771667247460	Marionette	INFO	Listening on port 63744
WebDriver BiDi listening on ws://127.0.0.1:63737
Read port: 63744
1771667247579	RemoteAgent	WARN	TLS certificate errors will be ignored for this session
ConnectToPipe() failure: GetLastError()=00000005
JavaScript warning: https://automationexercise.com/static/js/jquery.js, line 2: Using //@ to indicate sourceMappingURL pragmas is deprecated. Use //# instead
JavaScript warning: https://api.b2c.com/api/init-67837llrmed7abvew8my.js?adID=631702729&advertiserID=5481501&campaignID=31418751&creativeID=248932149&placementID=438298835&environment=j&siteid=9008513&country=ct=IN&st=&city=7257&dma=0&zp=700135&bw=4&match=0&site=N339201.4066079OMDPROGRAMMATICUA&landingpage=https://www.visitdubai.com/en/dubai-ready-for-a-surprise%3Futm_source%3Dprogrammatic%26utm_medium%3Ddisplay%26utm_campaign%3Dseasonalaonapac%26utm_term%3Dind-en_winterbanners%26utm_content%3Dconsideration_banner728x90_OPXCAnondubai%26dclid%3D%25edclid!%26gad_source%3D7%26gad_campaignid%3D23467763645, line 1: WEBGL_debug_renderer_info is deprecated in Firefox and will be removed. Please use RENDERER.
JavaScript warning: https://pagead2.googlesyndication.com/bg/ldrxsr5DVt0LJFwH7eyIm9-lfqGZQ9aUDb8H3SphxsA.js, line 2499: unreachable code after return statement
JavaScript warning: https://pagead2.googlesyndication.com/bg/ldrxsr5DVt0LJFwH7eyIm9-lfqGZQ9aUDb8H3SphxsA.js, line 2499: unreachable code after return statement
JavaScript warning: https://pagead2.googlesyndication.com/bg/ldrxsr5DVt0LJFwH7eyIm9-lfqGZQ9aUDb8H3SphxsA.js, line 2499: unreachable code after return statement
JavaScript warning: https://pagead2.googlesyndication.com/bg/ldrxsr5DVt0LJFwH7eyIm9-lfqGZQ9aUDb8H3SphxsA.js, line 2499: unreachable code after return statement
JavaScript warning: https://pagead2.googlesyndication.com/bg/ldrxsr5DVt0LJFwH7eyIm9-lfqGZQ9aUDb8H3SphxsA.js, line 2499: unreachable code after return statement
JavaScript warning: https://pagead2.googlesyndication.com/bg/ldrxsr5DVt0LJFwH7eyIm9-lfqGZQ9aUDb8H3SphxsA.js, line 2499: unreachable code after return statement
JavaScript warning: https://pagead2.googlesyndication.com/bg/ldrxsr5DVt0LJFwH7eyIm9-lfqGZQ9aUDb8H3SphxsA.js, line 2499: unreachable code after return statement
JavaScript warning: https://pagead2.googlesyndication.com/bg/ldrxsr5DVt0LJFwH7eyIm9-lfqGZQ9aUDb8H3SphxsA.js line 2 > eval, line 2499: unreachable code after return statement
JavaScript warning: https://pagead2.googlesyndication.com/bg/ldrxsr5DVt0LJFwH7eyIm9-lfqGZQ9aUDb8H3SphxsA.js line 2 > eval, line 2499: unreachable code after return statement
JavaScript warning: https://pagead2.googlesyndication.com/bg/ldrxsr5DVt0LJFwH7eyIm9-lfqGZQ9aUDb8H3SphxsA.js line 2 > eval, line 2499: unreachable code after return statement
JavaScript warning: https://pagead2.googlesyndication.com/bg/ldrxsr5DVt0LJFwH7eyIm9-lfqGZQ9aUDb8H3SphxsA.js line 2 > eval, line 1: unreachable code after return statement
JavaScript warning: https://pagead2.googlesyndication.com/bg/ldrxsr5DVt0LJFwH7eyIm9-lfqGZQ9aUDb8H3SphxsA.js line 2 > eval line 2499 > eval, line 1: unreachable code after return statement
JavaScript warning: https://pagead2.googlesyndication.com/bg/ldrxsr5DVt0LJFwH7eyIm9-lfqGZQ9aUDb8H3SphxsA.js line 2 > eval, line 2499: unreachable code after return statement
JavaScript warning: https://pagead2.googlesyndication.com/bg/ldrxsr5DVt0LJFwH7eyIm9-lfqGZQ9aUDb8H3SphxsA.js line 2 > eval, line 2499: unreachable code after return statement
JavaScript warning: https://pagead2.googlesyndication.com/bg/ldrxsr5DVt0LJFwH7eyIm9-lfqGZQ9aUDb8H3SphxsA.js line 2 > eval, line 2499: unreachable code after return statement
JavaScript warning: https://pagead2.googlesyndication.com/bg/ldrxsr5DVt0LJFwH7eyIm9-lfqGZQ9aUDb8H3SphxsA.js line 2 > eval line 2499 > eval line 1 > eval, line 1: unreachable code after return statement
JavaScript warning: https://pagead2.googlesyndication.com/bg/ldrxsr5DVt0LJFwH7eyIm9-lfqGZQ9aUDb8H3SphxsA.js line 2 > eval line 2499 > eval line 1 > eval, line 1: unreachable code after return statement
JavaScript warning: https://pagead2.googlesyndication.com/bg/ldrxsr5DVt0LJFwH7eyIm9-lfqGZQ9aUDb8H3SphxsA.js line 2 > eval line 2499 > eval line 1 > eval line 1 > eval, line 1: unreachable code after return statement
JavaScript warning: https://pagead2.googlesyndication.com/bg/ldrxsr5DVt0LJFwH7eyIm9-lfqGZQ9aUDb8H3SphxsA.js line 2 > eval line 2499 > eval line 1 > eval line 1 > eval, line 1: unreachable code after return statement
JavaScript warning: https://static.cloudflareinsights.com/beacon.min.js/vcd15cbe7772f49c399c6a5babf22c1241717689176015, line 1: Script terminated by timeout at:
104/T/<@https://static.cloudflareinsights.com/beacon.min.js/vcd15cbe7772f49c399c6a5babf22c1241717689176015:1:11646
t@https://static.cloudflareinsights.com/beacon.min.js/vcd15cbe7772f49c399c6a5babf22c1241717689176015:1:11507

JavaScript warning: https://pagead2.googlesyndication.com/pagead/managed/js/activeview/current/ufs_web_display.js, line 291: Script terminated by timeout at:
Oq/c<@https://pagead2.googlesyndication.com/pagead/managed/js/activeview/current/ufs_web_display.js:291:417
N/</<@https://pagead2.googlesyndication.com/pagead/managed/js/activeview/current/ufs_web_display.js:93:480
M/this.ie@https://pagead2.googlesyndication.com/pagead/managed/js/activeview/current/ufs_web_display.js:92:990
n.next@https://pagead2.googlesyndication.com/pagead/managed/js/activeview/current/ufs_web_display.js:82:523
N/</<@https://pagead2.googlesyndication.com/pagead/managed/js/activeview/current/ufs_web_display.js:93:473
M/this.ie@https://pagead2.googlesyndication.com/pagead/managed/js/activeview/current/ufs_web_display.js:92:990
n.next@https://pagead2.googlesyndication.com/pagead/managed/js/activeview/current/ufs_web_display.js:82:523
Mh/c/</</<@https://pagead2.googlesyndication.com/pagead/managed/js/activeview/current/ufs_web_display.js:146:321
Ua@https://pagead2.googlesyndication.com/pagead/managed/js/activeview/current/ufs_web_display.js:51:339
Pa.prototype.flush@https://pagead2.googlesyndication.com/pagead/managed/js/activeview/current/ufs_web_display.js:51:127
Ta@https://pagead2.googlesyndication.com/pagead/managed/js/activeview/current/ufs_web_display.js:50:483
Mh/c/</<@https://pagead2.googlesyndication.com/pagead/managed/js/activeview/current/ufs_web_display.js:146:293
qc.prototype.next@https://pagead2.googlesyndication.com/pagead/managed/js/activeview/current/ufs_web_display.js:83:218
n.ie@https://pagead2.googlesyndication.com/pagead/managed/js/activeview/current/ufs_web_display.js:82:756
n.next@https://pagead2.googlesyndication.com/pagead/managed/js/activeview/current/ufs_web_display.js:82:523
qg/</</</<@https://pagead2.googlesyndication.com/pagead/managed/js/activeview/current/ufs_web_display.js:123:515
Oa.prototype.yc/<@https://pagead2.googlesyndication.com/pagead/managed/js/activeview/current/ufs_web_display.js:50:315
qg/</</<@https://pagead2.googlesyndication.com/pagead/managed/js/activeview/current/ufs_web_display.js:123:524
qc.prototype.next@https://pagead2.googlesyndication.com/pagead/managed/js/activeview/current/ufs_web_display.js:83:218
n.ie@https://pagead2.googlesyndication.com/pagead/managed/js/activeview/current/ufs_web_display.js:82:756
n.next@https://pagead2.googlesyndication.com/pagead/managed/js/activeview/current/ufs_web_display.js:82:523
qg/</</</<@https://pagead2.googlesyndication.com/pagead/managed/js/activeview/current/ufs_web_display.js:123:515
Oa.prototype.yc/<@https://pagead2.googlesyndication.com/pagead/managed/js/activeview/current/ufs_web_display.js:50:315
qg/</</<@https://pagead2.googlesyndication.com/pagead/managed/js/activeview/current/ufs_web_display.js:123:524
qc.prototype.next@https://pagead2.googlesyndication.com/pagead/managed/js/activeview/current/ufs_web_display.js:83:218
n.ie@https://pagead2.googlesyndication.com/pagead/managed/js/activeview/current/ufs_web_display.js:82:756
n.next@https://pagead2.googlesyndication.com/pagead/managed/js/activeview/current/ufs_web_display.js:82:523
h@https://pagead2.googlesyndication.com/pagead/managed/js/activeview/current/ufs_web_display.js:95:477

1771667264666	Marionette	INFO	Stopped listening on port 63744
JavaScript error: resource://gre/modules/PrivateBrowsingUtils.sys.mjs, line 19: TypeError: can't access property "isChromeWindow", aWindow is null
Dynamically enable window occlusion 1
console.warn: TopSitesFeed: Failed to fetch data from MARS server: NetworkError when attempting to fetch resource.
JavaScript error: , line 0: TypeError: NetworkError when attempting to fetch resource.
